2026-05-02 08:09:24.660 [INFO ] [background-preinit] o.h.validator.internal.util.Version      : HV000001: Hibernate Validator 8.0.2.Final
2026-05-02 08:09:24.773 [INFO ] [main] com.devflow.DevflowApplication           : Starting DevflowApplication using Java 21.0.1 with PID 12316 (D:\My projects\SpringBoot Projects\devflow-backend\build\classes\java\main started by MSI GF63 in D:\My projects\SpringBoot Projects\devflow-backend)
2026-05-02 08:09:24.773 [DEBUG] [main] com.devflow.DevflowApplication           : Running with Spring Boot v3.4.4, Spring v6.2.5
2026-05-02 08:09:24.773 [INFO ] [main] com.devflow.DevflowApplication           : No active profile set, falling back to 1 default profile: "default"
2026-05-02 08:09:29.470 [INFO ] [main] .s.d.r.c.RepositoryConfigurationDelegate : Bootstrapping Spring Data JPA repositories in DEFAULT mode.
2026-05-02 08:09:29.710 [INFO ] [main] .s.d.r.c.RepositoryConfigurationDelegate : Finished Spring Data repository scanning in 184 ms. Found 4 JPA repository interfaces.
2026-05-02 08:09:32.060 [INFO ] [main] o.s.b.w.embedded.tomcat.TomcatWebServer  : Tomcat initialized with port 4000 (http)
2026-05-02 08:09:32.108 [INFO ] [main] o.a.coyote.http11.Http11NioProtocol      : Initializing ProtocolHandler ["http-nio-4000"]
2026-05-02 08:09:32.125 [INFO ] [main] o.apache.catalina.core.StandardService   : Starting service [Tomcat]
2026-05-02 08:09:32.125 [INFO ] [main] o.apache.catalina.core.StandardEngine    : Starting Servlet engine: [Apache Tomcat/10.1.39]
2026-05-02 08:09:32.349 [INFO ] [main] o.a.c.c.C.[Tomcat].[localhost].[/]       : Initializing Spring embedded WebApplicationContext
2026-05-02 08:09:32.365 [INFO ] [main] w.s.c.ServletWebServerApplicationContext : Root WebApplicationContext: initialization completed in 7512 ms
2026-05-02 08:09:33.053 [INFO ] [main] o.hibernate.jpa.internal.util.LogHelper  : HHH000204: Processing PersistenceUnitInfo [name: default]
2026-05-02 08:09:33.212 [INFO ] [main] org.hibernate.Version                    : HHH000412: Hibernate ORM core version 6.6.11.Final
2026-05-02 08:09:33.340 [INFO ] [main] o.h.c.internal.RegionFactoryInitiator    : HHH000026: Second-level cache disabled
2026-05-02 08:09:34.426 [INFO ] [main] o.s.o.j.p.SpringPersistenceUnitInfo      : No LoadTimeWeaver setup: ignoring JPA class transformer
2026-05-02 08:09:34.538 [INFO ] [main] com.zaxxer.hikari.HikariDataSource       : HikariPool-1 - Starting...
2026-05-02 08:09:34.984 [INFO ] [main] com.zaxxer.hikari.pool.HikariPool        : HikariPool-1 - Added connection org.postgresql.jdbc.PgConnection@6f785a27
2026-05-02 08:09:34.984 [INFO ] [main] com.zaxxer.hikari.HikariDataSource       : HikariPool-1 - Start completed.
2026-05-02 08:09:35.183 [INFO ] [main] org.hibernate.orm.connections.pooling    : HHH10001005: Database info:
	Database JDBC URL [Connecting through datasource 'HikariDataSource (HikariPool-1)']
	Database driver: undefined/unknown
	Database version: 18.2
	Autocommit mode: undefined/unknown
	Isolation level: undefined/unknown
	Minimum pool size: undefined/unknown
	Maximum pool size: undefined/unknown
2026-05-02 08:09:37.221 [INFO ] [main] o.h.e.t.j.p.i.JtaPlatformInitiator       : HHH000489: No JTA platform available (set 'hibernate.transaction.jta.platform' to enable JTA platform integration)
2026-05-02 08:09:37.969 [INFO ] [main] j.LocalContainerEntityManagerFactoryBean : Initialized JPA EntityManagerFactory for persistence unit 'default'
2026-05-02 08:09:38.915 [INFO ] [main] o.s.d.j.r.query.QueryEnhancerFactory     : Hibernate is in classpath; If applicable, HQL parser will be used.
2026-05-02 08:09:42.064 [DEBUG] [main] com.devflow.auth.JwtFilter               : Filter 'jwtFilter' configured for use
2026-05-02 08:09:42.768 [WARN ] [main] .s.s.UserDetailsServiceAutoConfiguration : 

Using generated security password: caeabe05-238a-416d-97f1-222d4ca990f6

This generated password is for development use only. Your security configuration must be updated before running your application in production.

2026-05-02 08:09:44.226 [INFO ] [main] o.s.b.a.e.web.EndpointLinksResolver      : Exposing 1 endpoint beneath base path '/actuator'
2026-05-02 08:09:45.667 [INFO ] [main] o.a.coyote.http11.Http11NioProtocol      : Starting ProtocolHandler ["http-nio-4000"]
2026-05-02 08:09:45.699 [INFO ] [main] o.s.b.w.embedded.tomcat.TomcatWebServer  : Tomcat started on port 4000 (http) with context path '/'
2026-05-02 08:09:45.715 [INFO ] [main] com.devflow.DevflowApplication           : Started DevflowApplication in 22.209 seconds (process running for 27.691)
