2026-04-25 09:10:19.066 [INFO ] [background-preinit] o.h.validator.internal.util.Version      : HV000001: Hibernate Validator 8.0.2.Final
2026-04-25 09:10:19.210 [INFO ] [main] com.devflow.DevflowApplication           : Starting DevflowApplication using Java 21.0.1 with PID 18684 (D:\My projects\SpringBoot Projects\devflow-backend\build\classes\java\main started by MSI GF63 in D:\My projects\SpringBoot Projects\devflow-backend)
2026-04-25 09:10:19.210 [DEBUG] [main] com.devflow.DevflowApplication           : Running with Spring Boot v3.4.4, Spring v6.2.5
2026-04-25 09:10:19.210 [INFO ] [main] com.devflow.DevflowApplication           : No active profile set, falling back to 1 default profile: "default"
2026-04-25 09:10:21.643 [INFO ] [main] .s.d.r.c.RepositoryConfigurationDelegate : Bootstrapping Spring Data JPA repositories in DEFAULT mode.
2026-04-25 09:10:21.773 [INFO ] [main] .s.d.r.c.RepositoryConfigurationDelegate : Finished Spring Data repository scanning in 111 ms. Found 4 JPA repository interfaces.
2026-04-25 09:10:23.575 [INFO ] [main] o.s.b.w.embedded.tomcat.TomcatWebServer  : Tomcat initialized with port 4000 (http)
2026-04-25 09:10:23.602 [INFO ] [main] o.a.coyote.http11.Http11NioProtocol      : Initializing ProtocolHandler ["http-nio-4000"]
2026-04-25 09:10:23.605 [INFO ] [main] o.apache.catalina.core.StandardService   : Starting service [Tomcat]
2026-04-25 09:10:23.605 [INFO ] [main] o.apache.catalina.core.StandardEngine    : Starting Servlet engine: [Apache Tomcat/10.1.39]
2026-04-25 09:10:23.715 [INFO ] [main] o.a.c.c.C.[Tomcat].[localhost].[/]       : Initializing Spring embedded WebApplicationContext
2026-04-25 09:10:23.716 [INFO ] [main] w.s.c.ServletWebServerApplicationContext : Root WebApplicationContext: initialization completed in 4376 ms
2026-04-25 09:10:24.218 [INFO ] [main] o.hibernate.jpa.internal.util.LogHelper  : HHH000204: Processing PersistenceUnitInfo [name: default]
2026-04-25 09:10:24.346 [INFO ] [main] org.hibernate.Version                    : HHH000412: Hibernate ORM core version 6.6.11.Final
2026-04-25 09:10:24.408 [INFO ] [main] o.h.c.internal.RegionFactoryInitiator    : HHH000026: Second-level cache disabled
2026-04-25 09:10:24.979 [INFO ] [main] o.s.o.j.p.SpringPersistenceUnitInfo      : No LoadTimeWeaver setup: ignoring JPA class transformer
2026-04-25 09:10:25.043 [INFO ] [main] com.zaxxer.hikari.HikariDataSource       : HikariPool-1 - Starting...
2026-04-25 09:10:25.480 [INFO ] [main] com.zaxxer.hikari.pool.HikariPool        : HikariPool-1 - Added connection org.postgresql.jdbc.PgConnection@6abd8bcd
2026-04-25 09:10:25.484 [INFO ] [main] com.zaxxer.hikari.HikariDataSource       : HikariPool-1 - Start completed.
2026-04-25 09:10:25.668 [INFO ] [main] org.hibernate.orm.connections.pooling    : HHH10001005: Database info:
	Database JDBC URL [Connecting through datasource 'HikariDataSource (HikariPool-1)']
	Database driver: undefined/unknown
	Database version: 18.2
	Autocommit mode: undefined/unknown
	Isolation level: undefined/unknown
	Minimum pool size: undefined/unknown
	Maximum pool size: undefined/unknown
2026-04-25 09:10:28.183 [INFO ] [main] o.h.e.t.j.p.i.JtaPlatformInitiator       : HHH000489: No JTA platform available (set 'hibernate.transaction.jta.platform' to enable JTA platform integration)
2026-04-25 09:10:29.190 [INFO ] [main] j.LocalContainerEntityManagerFactoryBean : Initialized JPA EntityManagerFactory for persistence unit 'default'
2026-04-25 09:10:30.441 [INFO ] [main] o.s.d.j.r.query.QueryEnhancerFactory     : Hibernate is in classpath; If applicable, HQL parser will be used.
2026-04-25 09:10:33.929 [DEBUG] [main] com.devflow.auth.JwtFilter               : Filter 'jwtFilter' configured for use
2026-04-25 09:10:34.521 [WARN ] [main] .s.s.UserDetailsServiceAutoConfiguration : 

Using generated security password: 32353ff1-e6dd-480d-85a9-b4d590d88012

This generated password is for development use only. Your security configuration must be updated before running your application in production.

2026-04-25 09:10:35.694 [INFO ] [main] o.s.b.a.e.web.EndpointLinksResolver      : Exposing 1 endpoint beneath base path '/actuator'
2026-04-25 09:10:36.632 [INFO ] [main] o.a.coyote.http11.Http11NioProtocol      : Starting ProtocolHandler ["http-nio-4000"]
2026-04-25 09:10:36.677 [INFO ] [main] o.s.b.w.embedded.tomcat.TomcatWebServer  : Tomcat started on port 4000 (http) with context path '/'
2026-04-25 09:10:36.698 [INFO ] [main] com.devflow.DevflowApplication           : Started DevflowApplication in 18.57 seconds (process running for 23.726)
2026-04-25 09:11:29.209 [INFO ] [SpringApplicationShutdownHook] o.s.b.w.e.tomcat.GracefulShutdown        : Commencing graceful shutdown. Waiting for active requests to complete
2026-04-25 09:11:29.232 [INFO ] [tomcat-shutdown] o.s.b.w.e.tomcat.GracefulShutdown        : Graceful shutdown complete
2026-04-25 09:11:29.266 [INFO ] [SpringApplicationShutdownHook] j.LocalContainerEntityManagerFactoryBean : Closing JPA EntityManagerFactory for persistence unit 'default'
2026-04-25 09:11:29.271 [INFO ] [SpringApplicationShutdownHook] com.zaxxer.hikari.HikariDataSource       : HikariPool-1 - Shutdown initiated...
2026-04-25 09:11:29.277 [INFO ] [SpringApplicationShutdownHook] com.zaxxer.hikari.HikariDataSource       : HikariPool-1 - Shutdown completed.
2026-04-25 09:11:32.653 [INFO ] [background-preinit] o.h.validator.internal.util.Version      : HV000001: Hibernate Validator 8.0.2.Final
2026-04-25 09:11:32.689 [INFO ] [main] com.devflow.DevflowApplication           : Starting DevflowApplication using Java 21.0.1 with PID 18588 (D:\My projects\SpringBoot Projects\devflow-backend\build\classes\java\main started by MSI GF63 in D:\My projects\SpringBoot Projects\devflow-backend)
2026-04-25 09:11:32.689 [DEBUG] [main] com.devflow.DevflowApplication           : Running with Spring Boot v3.4.4, Spring v6.2.5
2026-04-25 09:11:32.691 [INFO ] [main] com.devflow.DevflowApplication           : No active profile set, falling back to 1 default profile: "default"
2026-04-25 09:11:33.323 [INFO ] [main] .s.d.r.c.RepositoryConfigurationDelegate : Bootstrapping Spring Data JPA repositories in DEFAULT mode.
2026-04-25 09:11:33.398 [INFO ] [main] .s.d.r.c.RepositoryConfigurationDelegate : Finished Spring Data repository scanning in 68 ms. Found 4 JPA repository interfaces.
2026-04-25 09:11:33.929 [INFO ] [main] o.s.b.w.embedded.tomcat.TomcatWebServer  : Tomcat initialized with port 4000 (http)
2026-04-25 09:11:33.939 [INFO ] [main] o.a.coyote.http11.Http11NioProtocol      : Initializing ProtocolHandler ["http-nio-4000"]
2026-04-25 09:11:33.940 [INFO ] [main] o.apache.catalina.core.StandardService   : Starting service [Tomcat]
2026-04-25 09:11:33.940 [INFO ] [main] o.apache.catalina.core.StandardEngine    : Starting Servlet engine: [Apache Tomcat/10.1.39]
2026-04-25 09:11:33.982 [INFO ] [main] o.a.c.c.C.[Tomcat].[localhost].[/]       : Initializing Spring embedded WebApplicationContext
2026-04-25 09:11:33.982 [INFO ] [main] w.s.c.ServletWebServerApplicationContext : Root WebApplicationContext: initialization completed in 1264 ms
2026-04-25 09:11:34.192 [INFO ] [main] o.hibernate.jpa.internal.util.LogHelper  : HHH000204: Processing PersistenceUnitInfo [name: default]
2026-04-25 09:11:34.258 [INFO ] [main] org.hibernate.Version                    : HHH000412: Hibernate ORM core version 6.6.11.Final
2026-04-25 09:11:34.310 [INFO ] [main] o.h.c.internal.RegionFactoryInitiator    : HHH000026: Second-level cache disabled
2026-04-25 09:11:34.559 [INFO ] [main] o.s.o.j.p.SpringPersistenceUnitInfo      : No LoadTimeWeaver setup: ignoring JPA class transformer
2026-04-25 09:11:34.587 [INFO ] [main] com.zaxxer.hikari.HikariDataSource       : HikariPool-1 - Starting...
2026-04-25 09:11:34.873 [INFO ] [main] com.zaxxer.hikari.pool.HikariPool        : HikariPool-1 - Added connection org.postgresql.jdbc.PgConnection@305289b3
2026-04-25 09:11:34.875 [INFO ] [main] com.zaxxer.hikari.HikariDataSource       : HikariPool-1 - Start completed.
2026-04-25 09:11:34.953 [INFO ] [main] org.hibernate.orm.connections.pooling    : HHH10001005: Database info:
	Database JDBC URL [Connecting through datasource 'HikariDataSource (HikariPool-1)']
	Database driver: undefined/unknown
	Database version: 18.2
	Autocommit mode: undefined/unknown
	Isolation level: undefined/unknown
	Minimum pool size: undefined/unknown
	Maximum pool size: undefined/unknown
2026-04-25 09:11:35.900 [INFO ] [main] o.h.e.t.j.p.i.JtaPlatformInitiator       : HHH000489: No JTA platform available (set 'hibernate.transaction.jta.platform' to enable JTA platform integration)
2026-04-25 09:11:36.134 [INFO ] [main] j.LocalContainerEntityManagerFactoryBean : Initialized JPA EntityManagerFactory for persistence unit 'default'
2026-04-25 09:11:36.332 [INFO ] [main] o.s.d.j.r.query.QueryEnhancerFactory     : Hibernate is in classpath; If applicable, HQL parser will be used.
2026-04-25 09:11:37.217 [DEBUG] [main] com.devflow.auth.JwtFilter               : Filter 'jwtFilter' configured for use
2026-04-25 09:11:37.390 [WARN ] [main] .s.s.UserDetailsServiceAutoConfiguration : 

Using generated security password: 2449967e-59b6-47dd-af56-024a3ec76926

This generated password is for development use only. Your security configuration must be updated before running your application in production.

2026-04-25 09:11:37.691 [INFO ] [main] o.s.b.a.e.web.EndpointLinksResolver      : Exposing 1 endpoint beneath base path '/actuator'
2026-04-25 09:11:38.091 [INFO ] [main] o.a.coyote.http11.Http11NioProtocol      : Starting ProtocolHandler ["http-nio-4000"]
2026-04-25 09:11:38.106 [INFO ] [main] o.s.b.w.embedded.tomcat.TomcatWebServer  : Tomcat started on port 4000 (http) with context path '/'
2026-04-25 09:11:38.116 [INFO ] [main] com.devflow.DevflowApplication           : Started DevflowApplication in 5.759 seconds (process running for 6.175)
2026-04-25 09:11:38.364 [INFO ] [RMI TCP Connection(2)-192.168.1.5] o.a.c.c.C.[Tomcat].[localhost].[/]       : Initializing Spring DispatcherServlet 'dispatcherServlet'
2026-04-25 09:11:38.365 [INFO ] [RMI TCP Connection(2)-192.168.1.5] o.s.web.servlet.DispatcherServlet        : Initializing Servlet 'dispatcherServlet'
2026-04-25 09:11:38.369 [INFO ] [RMI TCP Connection(2)-192.168.1.5] o.s.web.servlet.DispatcherServlet        : Completed initialization in 3 ms
2026-04-25 09:12:29.402 [INFO ] [http-nio-4000-exec-10] com.devflow.auth.AuthService             : User logged in: ganidu@gmail.com
2026-04-25 09:12:43.206 [WARN ] [http-nio-4000-exec-1] ration$PageModule$WarningLoggingModifier : Serializing PageImpl instances as-is is not supported, meaning that there is no guarantee about the stability of the resulting JSON structure!
	For a stable JSON structure, please use Spring Data's PagedModel (globally via @EnableSpringDataWebSupport(pageSerializationMode = VIA_DTO))
	or Spring HATEOAS and Spring Data's PagedResourcesAssembler as documented in https://docs.spring.io/spring-data/commons/reference/repositories/core-extensions.html#core.web.pageables.

2026-04-25 09:12:50.332 [INFO ] [http-nio-4000-exec-4] com.devflow.projects.ProjectsService     : Finding project with id: 3
2026-04-25 09:12:50.368 [INFO ] [http-nio-4000-exec-4] com.devflow.projects.ProjectsService     : Project found: true
2026-04-25 09:29:45.120 [INFO ] [http-nio-4000-exec-2] com.devflow.projects.ProjectsService     : Finding project with id: 1
2026-04-25 09:29:45.136 [INFO ] [http-nio-4000-exec-2] com.devflow.projects.ProjectsService     : Project found: true
2026-04-25 09:41:46.053 [INFO ] [http-nio-4000-exec-5] com.devflow.users.UsersController        : Get user by id
2026-04-25 10:16:05.464 [INFO ] [SpringApplicationShutdownHook] o.s.b.w.e.tomcat.GracefulShutdown        : Commencing graceful shutdown. Waiting for active requests to complete
2026-04-25 10:16:05.545 [INFO ] [tomcat-shutdown] o.s.b.w.e.tomcat.GracefulShutdown        : Graceful shutdown complete
2026-04-25 10:16:05.701 [INFO ] [SpringApplicationShutdownHook] j.LocalContainerEntityManagerFactoryBean : Closing JPA EntityManagerFactory for persistence unit 'default'
2026-04-25 10:16:05.834 [INFO ] [SpringApplicationShutdownHook] com.zaxxer.hikari.HikariDataSource       : HikariPool-1 - Shutdown initiated...
2026-04-25 10:16:05.885 [INFO ] [SpringApplicationShutdownHook] com.zaxxer.hikari.HikariDataSource       : HikariPool-1 - Shutdown completed.
2026-04-25 10:16:18.853 [INFO ] [background-preinit] o.h.validator.internal.util.Version      : HV000001: Hibernate Validator 8.0.2.Final
2026-04-25 10:16:18.900 [INFO ] [main] com.devflow.DevflowApplication           : Starting DevflowApplication using Java 21.0.1 with PID 21976 (D:\My projects\SpringBoot Projects\devflow-backend\build\classes\java\main started by MSI GF63 in D:\My projects\SpringBoot Projects\devflow-backend)
2026-04-25 10:16:18.901 [DEBUG] [main] com.devflow.DevflowApplication           : Running with Spring Boot v3.4.4, Spring v6.2.5
2026-04-25 10:16:18.901 [INFO ] [main] com.devflow.DevflowApplication           : No active profile set, falling back to 1 default profile: "default"
2026-04-25 10:16:20.540 [INFO ] [main] .s.d.r.c.RepositoryConfigurationDelegate : Bootstrapping Spring Data JPA repositories in DEFAULT mode.
2026-04-25 10:16:20.592 [INFO ] [main] .s.d.r.c.RepositoryConfigurationDelegate : Finished Spring Data repository scanning in 45 ms. Found 4 JPA repository interfaces.
2026-04-25 10:16:21.148 [INFO ] [main] o.s.b.w.embedded.tomcat.TomcatWebServer  : Tomcat initialized with port 4000 (http)
2026-04-25 10:16:21.157 [INFO ] [main] o.a.coyote.http11.Http11NioProtocol      : Initializing ProtocolHandler ["http-nio-4000"]
2026-04-25 10:16:21.158 [INFO ] [main] o.apache.catalina.core.StandardService   : Starting service [Tomcat]
2026-04-25 10:16:21.158 [INFO ] [main] o.apache.catalina.core.StandardEngine    : Starting Servlet engine: [Apache Tomcat/10.1.39]
2026-04-25 10:16:21.194 [INFO ] [main] o.a.c.c.C.[Tomcat].[localhost].[/]       : Initializing Spring embedded WebApplicationContext
2026-04-25 10:16:21.195 [INFO ] [main] w.s.c.ServletWebServerApplicationContext : Root WebApplicationContext: initialization completed in 2264 ms
2026-04-25 10:16:21.389 [INFO ] [main] o.hibernate.jpa.internal.util.LogHelper  : HHH000204: Processing PersistenceUnitInfo [name: default]
2026-04-25 10:16:21.437 [INFO ] [main] org.hibernate.Version                    : HHH000412: Hibernate ORM core version 6.6.11.Final
2026-04-25 10:16:21.463 [INFO ] [main] o.h.c.internal.RegionFactoryInitiator    : HHH000026: Second-level cache disabled
2026-04-25 10:16:21.659 [INFO ] [main] o.s.o.j.p.SpringPersistenceUnitInfo      : No LoadTimeWeaver setup: ignoring JPA class transformer
2026-04-25 10:16:21.680 [INFO ] [main] com.zaxxer.hikari.HikariDataSource       : HikariPool-1 - Starting...
2026-04-25 10:16:21.847 [INFO ] [main] com.zaxxer.hikari.pool.HikariPool        : HikariPool-1 - Added connection org.postgresql.jdbc.PgConnection@5e3cb58e
2026-04-25 10:16:21.848 [INFO ] [main] com.zaxxer.hikari.HikariDataSource       : HikariPool-1 - Start completed.
2026-04-25 10:16:21.923 [INFO ] [main] org.hibernate.orm.connections.pooling    : HHH10001005: Database info:
	Database JDBC URL [Connecting through datasource 'HikariDataSource (HikariPool-1)']
	Database driver: undefined/unknown
	Database version: 18.2
	Autocommit mode: undefined/unknown
	Isolation level: undefined/unknown
	Minimum pool size: undefined/unknown
	Maximum pool size: undefined/unknown
2026-04-25 10:16:22.665 [INFO ] [main] o.h.e.t.j.p.i.JtaPlatformInitiator       : HHH000489: No JTA platform available (set 'hibernate.transaction.jta.platform' to enable JTA platform integration)
2026-04-25 10:16:22.944 [INFO ] [main] j.LocalContainerEntityManagerFactoryBean : Initialized JPA EntityManagerFactory for persistence unit 'default'
2026-04-25 10:16:23.173 [INFO ] [main] o.s.d.j.r.query.QueryEnhancerFactory     : Hibernate is in classpath; If applicable, HQL parser will be used.
2026-04-25 10:16:24.123 [DEBUG] [main] com.devflow.auth.JwtFilter               : Filter 'jwtFilter' configured for use
2026-04-25 10:16:24.335 [WARN ] [main] .s.s.UserDetailsServiceAutoConfiguration : 

Using generated security password: 95e4c645-47c7-43f2-998b-af84b59c6a5d

This generated password is for development use only. Your security configuration must be updated before running your application in production.

2026-04-25 10:16:24.675 [INFO ] [main] o.s.b.a.e.web.EndpointLinksResolver      : Exposing 1 endpoint beneath base path '/actuator'
2026-04-25 10:16:25.021 [INFO ] [main] o.a.coyote.http11.Http11NioProtocol      : Starting ProtocolHandler ["http-nio-4000"]
2026-04-25 10:16:25.051 [INFO ] [main] o.s.b.w.embedded.tomcat.TomcatWebServer  : Tomcat started on port 4000 (http) with context path '/'
2026-04-25 10:16:25.058 [INFO ] [main] com.devflow.DevflowApplication           : Started DevflowApplication in 6.563 seconds (process running for 11.451)
2026-04-25 10:16:29.583 [INFO ] [http-nio-4000-exec-1] o.a.c.c.C.[Tomcat].[localhost].[/]       : Initializing Spring DispatcherServlet 'dispatcherServlet'
2026-04-25 10:16:29.583 [INFO ] [http-nio-4000-exec-1] o.s.web.servlet.DispatcherServlet        : Initializing Servlet 'dispatcherServlet'
2026-04-25 10:16:29.583 [INFO ] [http-nio-4000-exec-1] o.s.web.servlet.DispatcherServlet        : Completed initialization in 0 ms
2026-04-25 10:16:52.974 [WARN ] [http-nio-4000-exec-10] ration$PageModule$WarningLoggingModifier : Serializing PageImpl instances as-is is not supported, meaning that there is no guarantee about the stability of the resulting JSON structure!
	For a stable JSON structure, please use Spring Data's PagedModel (globally via @EnableSpringDataWebSupport(pageSerializationMode = VIA_DTO))
	or Spring HATEOAS and Spring Data's PagedResourcesAssembler as documented in https://docs.spring.io/spring-data/commons/reference/repositories/core-extensions.html#core.web.pageables.

2026-04-25 10:18:35.171 [INFO ] [SpringApplicationShutdownHook] o.s.b.w.e.tomcat.GracefulShutdown        : Commencing graceful shutdown. Waiting for active requests to complete
2026-04-25 10:18:35.207 [INFO ] [tomcat-shutdown] o.s.b.w.e.tomcat.GracefulShutdown        : Graceful shutdown complete
2026-04-25 10:18:35.247 [INFO ] [SpringApplicationShutdownHook] j.LocalContainerEntityManagerFactoryBean : Closing JPA EntityManagerFactory for persistence unit 'default'
2026-04-25 10:18:35.267 [INFO ] [SpringApplicationShutdownHook] com.zaxxer.hikari.HikariDataSource       : HikariPool-1 - Shutdown initiated...
2026-04-25 10:18:35.275 [INFO ] [SpringApplicationShutdownHook] com.zaxxer.hikari.HikariDataSource       : HikariPool-1 - Shutdown completed.
2026-04-25 10:19:03.128 [INFO ] [background-preinit] o.h.validator.internal.util.Version      : HV000001: Hibernate Validator 8.0.2.Final
2026-04-25 10:19:03.168 [INFO ] [main] com.devflow.DevflowApplication           : Starting DevflowApplication using Java 21.0.1 with PID 20740 (D:\My projects\SpringBoot Projects\devflow-backend\build\classes\java\main started by MSI GF63 in D:\My projects\SpringBoot Projects\devflow-backend)
2026-04-25 10:19:03.169 [DEBUG] [main] com.devflow.DevflowApplication           : Running with Spring Boot v3.4.4, Spring v6.2.5
2026-04-25 10:19:03.169 [INFO ] [main] com.devflow.DevflowApplication           : No active profile set, falling back to 1 default profile: "default"
2026-04-25 10:19:03.831 [INFO ] [main] .s.d.r.c.RepositoryConfigurationDelegate : Bootstrapping Spring Data JPA repositories in DEFAULT mode.
2026-04-25 10:19:03.884 [INFO ] [main] .s.d.r.c.RepositoryConfigurationDelegate : Finished Spring Data repository scanning in 46 ms. Found 4 JPA repository interfaces.
2026-04-25 10:19:04.424 [INFO ] [main] o.s.b.w.embedded.tomcat.TomcatWebServer  : Tomcat initialized with port 4000 (http)
2026-04-25 10:19:04.434 [INFO ] [main] o.a.coyote.http11.Http11NioProtocol      : Initializing ProtocolHandler ["http-nio-4000"]
2026-04-25 10:19:04.435 [INFO ] [main] o.apache.catalina.core.StandardService   : Starting service [Tomcat]
2026-04-25 10:19:04.435 [INFO ] [main] o.apache.catalina.core.StandardEngine    : Starting Servlet engine: [Apache Tomcat/10.1.39]
2026-04-25 10:19:04.473 [INFO ] [main] o.a.c.c.C.[Tomcat].[localhost].[/]       : Initializing Spring embedded WebApplicationContext
2026-04-25 10:19:04.474 [INFO ] [main] w.s.c.ServletWebServerApplicationContext : Root WebApplicationContext: initialization completed in 1273 ms
2026-04-25 10:19:04.665 [INFO ] [main] o.hibernate.jpa.internal.util.LogHelper  : HHH000204: Processing PersistenceUnitInfo [name: default]
2026-04-25 10:19:04.723 [INFO ] [main] org.hibernate.Version                    : HHH000412: Hibernate ORM core version 6.6.11.Final
2026-04-25 10:19:04.750 [INFO ] [main] o.h.c.internal.RegionFactoryInitiator    : HHH000026: Second-level cache disabled
2026-04-25 10:19:04.962 [INFO ] [main] o.s.o.j.p.SpringPersistenceUnitInfo      : No LoadTimeWeaver setup: ignoring JPA class transformer
2026-04-25 10:19:04.982 [INFO ] [main] com.zaxxer.hikari.HikariDataSource       : HikariPool-1 - Starting...
2026-04-25 10:19:05.119 [INFO ] [main] com.zaxxer.hikari.pool.HikariPool        : HikariPool-1 - Added connection org.postgresql.jdbc.PgConnection@776d8097
2026-04-25 10:19:05.120 [INFO ] [main] com.zaxxer.hikari.HikariDataSource       : HikariPool-1 - Start completed.
2026-04-25 10:19:05.192 [INFO ] [main] org.hibernate.orm.connections.pooling    : HHH10001005: Database info:
	Database JDBC URL [Connecting through datasource 'HikariDataSource (HikariPool-1)']
	Database driver: undefined/unknown
	Database version: 18.2
	Autocommit mode: undefined/unknown
	Isolation level: undefined/unknown
	Minimum pool size: undefined/unknown
	Maximum pool size: undefined/unknown
2026-04-25 10:19:05.917 [INFO ] [main] o.h.e.t.j.p.i.JtaPlatformInitiator       : HHH000489: No JTA platform available (set 'hibernate.transaction.jta.platform' to enable JTA platform integration)
2026-04-25 10:19:06.153 [INFO ] [main] j.LocalContainerEntityManagerFactoryBean : Initialized JPA EntityManagerFactory for persistence unit 'default'
2026-04-25 10:19:06.363 [INFO ] [main] o.s.d.j.r.query.QueryEnhancerFactory     : Hibernate is in classpath; If applicable, HQL parser will be used.
2026-04-25 10:19:07.281 [DEBUG] [main] com.devflow.auth.JwtFilter               : Filter 'jwtFilter' configured for use
2026-04-25 10:19:07.461 [WARN ] [main] .s.s.UserDetailsServiceAutoConfiguration : 

Using generated security password: 832a6346-7c51-4960-bffe-576ee6eb80e1

This generated password is for development use only. Your security configuration must be updated before running your application in production.

2026-04-25 10:19:07.812 [INFO ] [main] o.s.b.a.e.web.EndpointLinksResolver      : Exposing 1 endpoint beneath base path '/actuator'
2026-04-25 10:19:08.190 [INFO ] [main] o.a.coyote.http11.Http11NioProtocol      : Starting ProtocolHandler ["http-nio-4000"]
2026-04-25 10:19:08.216 [INFO ] [main] o.s.b.w.embedded.tomcat.TomcatWebServer  : Tomcat started on port 4000 (http) with context path '/'
2026-04-25 10:19:08.225 [INFO ] [main] com.devflow.DevflowApplication           : Started DevflowApplication in 5.414 seconds (process running for 5.838)
2026-04-25 10:19:08.684 [INFO ] [RMI TCP Connection(1)-192.168.1.5] o.a.c.c.C.[Tomcat].[localhost].[/]       : Initializing Spring DispatcherServlet 'dispatcherServlet'
2026-04-25 10:19:08.684 [INFO ] [RMI TCP Connection(1)-192.168.1.5] o.s.web.servlet.DispatcherServlet        : Initializing Servlet 'dispatcherServlet'
2026-04-25 10:19:08.688 [INFO ] [RMI TCP Connection(1)-192.168.1.5] o.s.web.servlet.DispatcherServlet        : Completed initialization in 4 ms
2026-04-25 11:01:53.555 [INFO ] [SpringApplicationShutdownHook] o.s.b.w.e.tomcat.GracefulShutdown        : Commencing graceful shutdown. Waiting for active requests to complete
2026-04-25 11:01:53.603 [INFO ] [tomcat-shutdown] o.s.b.w.e.tomcat.GracefulShutdown        : Graceful shutdown complete
2026-04-25 11:01:53.664 [INFO ] [SpringApplicationShutdownHook] j.LocalContainerEntityManagerFactoryBean : Closing JPA EntityManagerFactory for persistence unit 'default'
2026-04-25 11:01:53.700 [INFO ] [SpringApplicationShutdownHook] com.zaxxer.hikari.HikariDataSource       : HikariPool-1 - Shutdown initiated...
2026-04-25 11:01:53.726 [INFO ] [SpringApplicationShutdownHook] com.zaxxer.hikari.HikariDataSource       : HikariPool-1 - Shutdown completed.
